#
# A fatal error has been detected by the Java Runtime Environment:
#
#  EXCEPTION_ACCESS_VIOLATION (0xc0000005) at pc=0x00000000776515b0, pid=9340, tid=7812
#
# JRE version: 6.0_17-b04
# Java VM: Java HotSpot(TM) 64-Bit Server VM (14.3-b01 mixed mode windows-amd64 )
# Problematic frame:
# C  [ntdll.dll+0x515b0]
#
# If you would like to submit a bug report, please visit:
#   http://java.sun.com/webapps/bugreport/crash.jsp
# The crash happened outside the Java Virtual Machine in native code.
# See problematic frame for where to report the bug.
#

---------------  T H R E A D  ---------------

Current thread (0x000000000f9bf000):  JavaThread "Explorer NavigationContext request queue" [_thread_in_native, id=7812, stack(0x00000000682b0000,0x0000000068330000)]

siginfo: ExceptionCode=0xc0000005, reading address 0x000009e73fef67b8

Registers:
EAX=0x000000001b6dfc40, EBX=0x000009e73fef67b0, ECX=0x000000ffffffffff, EDX=0x000000001b6f3280
ESP=0x000000006832ea70, EBP=0x0000000000000000, ESI=0x00000000059c0000, EDI=0x000000001b6f3290
EIP=0x00000000776515b0, EFLAGS=0x0000000000010202

Top of Stack: (sp=0x000000006832ea70)
0x000000006832ea70:   000000006832efa8 000000000f9bf1b8
0x000000006832ea80:   00000000087c8420 000000006832eb98
0x000000006832ea90:   000000006832efb0 0000000000000000
0x000000006832eaa0:   00000000663cf9a0 019db1ded53e8000
0x000000006832eab0:   000000006832efb0 0000000000000000
0x000000006832eac0:   00000000663cf9a0 019db1ded53e8000
0x000000006832ead0:   0000000000000000 0000000051391bc5
0x000000006832eae0:   000000004885eb50 0000000077152a7a
0x000000006832eaf0:   00000000663cf9a0 000000006832ec20
0x000000006832eb00:   00000000663cf9a0 0000000051391bc5
0x000000006832eb10:   000000004885eb50 000000007343cabc
0x000000006832eb20:   00000000663cf9a0 000000000f9bf000
0x000000006832eb30:   000000004885eb50 0000000048878cb0
0x000000006832eb40:   000000006832ec20 00000000734b9f71
0x000000006832eb50:   0000000000000fe4 0000000000000fe4
0x000000006832eb60:   000000004885eb50 0000000000000000 

Instructions: (pc=0x00000000776515b0)
0x00000000776515a0:   33 d8 48 33 1d 1f 2e 0e 00 48 c1 e3 04 0f 0d 0b
0x00000000776515b0:   4c 8b 63 08 49 bd 01 00 00 00 01 00 00 00 49 be 


Stack: [0x00000000682b0000,0x0000000068330000],  sp=0x000000006832ea70,  free space=506k
Native frames: (J=compiled Java code, j=interpreted, Vv=VM code, C=native code)
C  [ntdll.dll+0x515b0]

[error occurred during error reporting (printing native stack), id 0xc0000005]

Java frames: (J=compiled Java code, j=interpreted, Vv=VM code)
j  com.mathworks.util.NativeJava.listFiles(Ljava/lang/String;Lcom/mathworks/util/AsyncReceiver;)Z+0
j  com.mathworks.mlwidgets.explorer.model.realfs.RealFileList.readFilesAndFolders(Lcom/mathworks/util/AsyncReceiver;)V+23
j  com.mathworks.mlwidgets.explorer.model.AbstractFileList.isEmpty()Z+10
j  com.mathworks.mlwidgets.explorer.model.overlayfs.OverlayFileList.isEmpty()Z+4
j  com.mathworks.mlwidgets.explorer.model.vfs.VirtualFileList.isEmpty()Z+4
j  com.mathworks.mlwidgets.explorer.model.table.UiFileList.readAndUpdateCache(ZLcom/mathworks/util/CapturingReceiver;)V+28
j  com.mathworks.mlwidgets.explorer.model.table.UiFileList.access$500(Lcom/mathworks/mlwidgets/explorer/model/table/UiFileList;ZLcom/mathworks/util/CapturingReceiver;)V+3
j  com.mathworks.mlwidgets.explorer.model.table.UiFileList$6.run()V+66
j  com.mathworks.util.RequestQueue.execute()V+65
j  com.mathworks.util.RequestQueue.access$000(Lcom/mathworks/util/RequestQueue;)V+1
j  com.mathworks.util.RequestQueue$2.run()V+4
j  java.lang.Thread.run()V+11
v  ~StubRoutines::call_stub

---------------  P R O C E S S  ---------------

Java Threads: ( => current thread )
  0x000000000f9c0000 JavaThread "Image Fetcher 0" daemon [_thread_blocked, id=2236, stack(0x00000000181b0000,0x0000000018230000)]
  0x000000000f9bc800 JavaThread "Thread-135" [_thread_blocked, id=9008, stack(0x0000000018230000,0x00000000182b0000)]
  0x000000000f9be800 JavaThread "Prefs Updater" daemon [_thread_blocked, id=3600, stack(0x0000000017f40000,0x0000000017fc0000)]
  0x000000000fd9a000 JavaThread "Code Analyzer updating thread" [_thread_blocked, id=8496, stack(0x000000006b680000,0x000000006b700000)]
  0x000000000fd99000 JavaThread "Code Analyzer updating thread" [_thread_blocked, id=13780, stack(0x000000006a8f0000,0x000000006a970000)]
  0x000000000fd98800 JavaThread "Code Analyzer updating thread" [_thread_blocked, id=10676, stack(0x000000006b5d0000,0x000000006b650000)]
  0x000000000fd97800 JavaThread "Code Analyzer updating thread" [_thread_blocked, id=13252, stack(0x000000006b390000,0x000000006b410000)]
  0x000000000fd97000 JavaThread "Code Analyzer updating thread" [_thread_blocked, id=13292, stack(0x0000000069d00000,0x0000000069d80000)]
  0x000000000fd96000 JavaThread "Code Analyzer updating thread" [_thread_blocked, id=15160, stack(0x000000006b4f0000,0x000000006b570000)]
  0x000000000fd95800 JavaThread "Code Analyzer updating thread" [_thread_blocked, id=2156, stack(0x000000006b000000,0x000000006b080000)]
  0x000000000fd94800 JavaThread "Code Analyzer updating thread" [_thread_blocked, id=13928, stack(0x000000006b2c0000,0x000000006b340000)]
  0x000000000fd94000 JavaThread "Code Analyzer updating thread" [_thread_blocked, id=13268, stack(0x000000006af20000,0x000000006afa0000)]
  0x000000000fd93800 JavaThread "Code Analyzer updating thread" [_thread_blocked, id=5656, stack(0x000000006ada0000,0x000000006ae20000)]
  0x000000000fd92800 JavaThread "Code Analyzer updating thread" [_thread_blocked, id=14936, stack(0x000000006ae40000,0x000000006aec0000)]
  0x000000000fd92000 JavaThread "Code Analyzer updating thread" [_thread_blocked, id=7984, stack(0x0000000062e80000,0x0000000062f00000)]
  0x000000000f9ba000 JavaThread "Code Analyzer updating thread" [_thread_blocked, id=12232, stack(0x0000000062db0000,0x0000000062e30000)]
  0x000000000f9b9800 JavaThread "Code Analyzer updating thread" [_thread_blocked, id=6404, stack(0x0000000069ea0000,0x0000000069f20000)]
  0x000000000f9bb000 JavaThread "Code Analyzer updating thread" [_thread_blocked, id=8320, stack(0x0000000025180000,0x0000000025200000)]
  0x000000000fd91000 JavaThread "Code Analyzer updating thread" [_thread_blocked, id=15248, stack(0x000000006abe0000,0x000000006ac60000)]
  0x000000000fd8f800 JavaThread "Code Analyzer updating thread" [_thread_blocked, id=12848, stack(0x000000006ab40000,0x000000006abc0000)]
  0x000000000fd8f000 JavaThread "Code Analyzer updating thread" [_thread_blocked, id=10728, stack(0x000000006aa90000,0x000000006ab10000)]
  0x000000000fd8e000 JavaThread "Code Analyzer updating thread" [_thread_blocked, id=7732, stack(0x000000006a140000,0x000000006a1c0000)]
  0x000000000fd8d800 JavaThread "Code Analyzer updating thread" [_thread_blocked, id=11940, stack(0x000000006a9c0000,0x000000006aa40000)]
  0x000000000fd8d000 JavaThread "Code Analyzer updating thread" [_thread_blocked, id=5040, stack(0x000000006a350000,0x000000006a3d0000)]
  0x000000000fd8c000 JavaThread "Code Analyzer updating thread" [_thread_blocked, id=8796, stack(0x000000006a860000,0x000000006a8e0000)]
  0x000000000f9c5000 JavaThread "Code Analyzer updating thread" [_thread_blocked, id=13864, stack(0x000000006a290000,0x000000006a310000)]
  0x000000000f9c4800 JavaThread "Code Analyzer updating thread" [_thread_blocked, id=13044, stack(0x0000000065510000,0x0000000065590000)]
  0x000000000f9c3800 JavaThread "Code Analyzer updating thread" [_thread_blocked, id=4836, stack(0x000000006a1d0000,0x000000006a250000)]
  0x000000000f9c3000 JavaThread "Active Reference Queue Daemon" daemon [_thread_blocked, id=4756, stack(0x000000006a0a0000,0x000000006a120000)]
  0x000000000f9c2000 JavaThread "Timer-14" daemon [_thread_blocked, id=9404, stack(0x0000000069f40000,0x0000000069fc0000)]
  0x000000000f9c1800 JavaThread "Timer-13" daemon [_thread_blocked, id=4880, stack(0x0000000069d80000,0x0000000069e00000)]
  0x000000000f9c0800 JavaThread "Swing-Shell" daemon [_thread_blocked, id=8892, stack(0x0000000069bb0000,0x0000000069c30000)]
=>0x000000000f9bf000 JavaThread "Explorer NavigationContext request queue" [_thread_in_native, id=7812, stack(0x00000000682b0000,0x0000000068330000)]
  0x000000000f9be000 JavaThread "AddressBar directory emptiness poller" [_thread_blocked, id=14908, stack(0x00000000683d0000,0x0000000068450000)]
  0x000000000f9bd000 JavaThread "Explorer Refresh Service 1233869427" [_thread_blocked, id=11064, stack(0x0000000068350000,0x00000000683d0000)]
  0x000000000f9bb800 JavaThread "Timer-1" daemon [_thread_blocked, id=1888, stack(0x0000000067fb0000,0x0000000068030000)]
  0x000000000f9b8800 JavaThread "TimerQueue" daemon [_thread_blocked, id=5332, stack(0x0000000050af0000,0x0000000050b70000)]
  0x000000000f9b8000 JavaThread "Thread-5" daemon [_thread_blocked, id=2240, stack(0x000000005cc70000,0x000000005ccf0000)]
  0x000000000f9b7800 JavaThread "AWT-EventQueue-0" [_thread_blocked, id=5452, stack(0x000000002d3c0000,0x000000002d440000)]
  0x000000000f9b6800 JavaThread "AWT-Shutdown" [_thread_blocked, id=12184, stack(0x000000005cd10000,0x000000005cd90000)]
  0x000000000f9b6000 JavaThread "FelixPackageAdmin" daemon [_thread_blocked, id=12700, stack(0x0000000060e40000,0x0000000060ec0000)]
  0x000000000f8f1800 JavaThread "FelixStartLevel" daemon [_thread_blocked, id=7944, stack(0x0000000058bd0000,0x0000000058c50000)]
  0x000000000f6d5800 JavaThread "FelixDispatchQueue" daemon [_thread_blocked, id=12320, stack(0x0000000060ed0000,0x0000000060f50000)]
  0x000000000f5a7800 JavaThread "com.google.common.base.internal.Finalizer" daemon [_thread_blocked, id=14376, stack(0x0000000050a40000,0x0000000050ac0000)]
  0x000000000f52f800 JavaThread "AWT-Windows" daemon [_thread_in_native, id=7604, stack(0x00000000292e0000,0x0000000029360000)]
  0x000000000efff000 JavaThread "Java2D Disposer" daemon [_thread_blocked, id=6208, stack(0x0000000010e60000,0x0000000010ee0000)]
  0x000000000e7fe000 JavaThread "Timer-0" [_thread_blocked, id=11068, stack(0x0000000010ef0000,0x0000000010f70000)]
  0x000000000efea800 JavaThread "EventMgr Dispatcher" daemon [_thread_in_native, id=6744, stack(0x0000000008be0000,0x000000000cbe0000)]
  0x0000000008706000 JavaThread "Low Memory Detector" daemon [_thread_blocked, id=7820, stack(0x000000000d350000,0x000000000d3d0000)]
  0x0000000008704800 JavaThread "CompilerThread1" daemon [_thread_blocked, id=15036, stack(0x0000000080000000,0x0000000084000000)]
  0x00000000086f7800 JavaThread "CompilerThread0" daemon [_thread_blocked, id=12100, stack(0x000000005cdf0000,0x0000000060df0000)]
  0x00000000086f2000 JavaThread "Attach Listener" daemon [_thread_blocked, id=5140, stack(0x000000000d950000,0x000000000d9d0000)]
  0x000000000869e000 JavaThread "Finalizer" daemon [_thread_blocked, id=10356, stack(0x000000000d8d0000,0x000000000d950000)]
  0x0000000005bce800 JavaThread "Reference Handler" daemon [_thread_blocked, id=9900, stack(0x000000000e380000,0x000000000e400000)]
  0x0000000005c6f000 JavaThread "main" [_thread_in_native, id=14056, stack(0x0000000000210000,0x0000000004210000)]

Other Threads:
  0x0000000005bcd800 VMThread [stack: 0x0000000058c50000,0x000000005cc50000] [id=1224]
  0x000000000874c000 WatcherThread [stack: 0x00000000841c0000,0x00000000881c0000] [id=14452]

VM state:not at safepoint (normal execution)

VM Mutex/Monitor currently owned by a thread: None

Heap
 PSYoungGen      total 26624K, used 24359K [0x0000000045740000, 0x0000000047ca0000, 0x0000000048840000)
  eden space 24192K, 90% used [0x0000000045740000,0x0000000046cb4780,0x0000000046ee0000)
  from space 2432K, 98% used [0x0000000046f60000,0x00000000471b5778,0x00000000471c0000)
  to   space 7040K, 0% used [0x00000000475c0000,0x00000000475c0000,0x0000000047ca0000)
 PSOldGen        total 112128K, used 95840K [0x000000003c440000, 0x00000000431c0000, 0x0000000045740000)
  object space 112128K, 85% used [0x000000003c440000,0x00000000421d83f0,0x00000000431c0000)
 PSPermGen       total 116608K, used 68147K [0x0000000034440000, 0x000000003b620000, 0x000000003c440000)
  object space 116608K, 58% used [0x0000000034440000,0x00000000386ccde8,0x000000003b620000)

Dynamic libraries:
0x000000013f0c0000 - 0x000000013f0ed000 	C:\Program Files\MATLAB\R2012b\bin\win64\MATLAB.exe
0x0000000077600000 - 0x00000000777ac000 	C:\Windows\SYSTEM32\ntdll.dll
0x0000000077130000 - 0x000000007724f000 	C:\Windows\system32\kernel32.dll
0x000007fefdb60000 - 0x000007fefdbcc000 	C:\Windows\system32\KERNELBASE.dll
0x0000000074460000 - 0x000000007451f000 	C:\Program Files\MATLAB\R2012b\bin\win64\libut.dll
0x00000000758a0000 - 0x000000007595c000 	C:\Program Files\MATLAB\R2012b\bin\win64\libmwi18n.dll
0x0000000180000000 - 0x000000018000b000 	C:\Program Files\MATLAB\R2012b\bin\win64\libmwresource_core.dll
0x00000000734a0000 - 0x0000000073573000 	C:\Windows\WinSxS\amd64_microsoft.vc90.crt_1fc8b3b9a1e18e3b_9.0.30729.6161_none_08e61857a83bc251\MSVCP90.dll
0x00000000733f0000 - 0x0000000073493000 	C:\Windows\WinSxS\amd64_microsoft.vc90.crt_1fc8b3b9a1e18e3b_9.0.30729.6161_none_08e61857a83bc251\MSVCR90.dll
0x000000007a170000 - 0x000000007a19c000 	C:\Program Files\MATLAB\R2012b\bin\win64\boost_filesystem-vc90-mt-1_44.dll
0x000000007a560000 - 0x000000007a569000 	C:\Program Files\MATLAB\R2012b\bin\win64\boost_system-vc90-mt-1_44.dll
0x000007feff550000 - 0x000007feff62b000 	C:\Windows\system32\ADVAPI32.dll
0x000007feff040000 - 0x000007feff0df000 	C:\Windows\system32\msvcrt.dll
0x000007feff6c0000 - 0x000007feff6df000 	C:\Windows\SYSTEM32\sechost.dll
0x000007fefed40000 - 0x000007fefee6e000 	C:\Windows\system32\RPCRT4.dll
0x000000007a010000 - 0x000000007a035000 	C:\Program Files\MATLAB\R2012b\bin\win64\LIBEXPAT.dll
0x000000006b090000 - 0x000000006b281000 	C:\Program Files\MATLAB\R2012b\bin\win64\icuin44.dll
0x000000006c550000 - 0x000000006c6c1000 	C:\Program Files\MATLAB\R2012b\bin\win64\icuuc44.dll
0x0000000010000000 - 0x0000000010e41000 	C:\Program Files\MATLAB\R2012b\bin\win64\icudt44.dll
0x0000000073f70000 - 0x000000007411d000 	C:\Program Files\MATLAB\R2012b\bin\win64\libmwfl.dll
0x0000000004250000 - 0x0000000004606000 	C:\Program Files\MATLAB\R2012b\bin\win64\libmwMATLAB_res.dll
0x000000007a3b0000 - 0x000000007a3c0000 	C:\Program Files\MATLAB\R2012b\bin\win64\boost_date_time-vc90-mt-1_44.dll
0x000000007a250000 - 0x000000007a263000 	C:\Program Files\MATLAB\R2012b\bin\win64\boost_signals-vc90-mt-1_44.dll
0x000000007a2d0000 - 0x000000007a2e2000 	C:\Program Files\MATLAB\R2012b\bin\win64\boost_thread-vc90-mt-1_44.dll
0x0000000004650000 - 0x000000000470d000 	C:\Program Files\MATLAB\R2012b\bin\win64\boost_log-vc90-mt-1_44.dll
0x00000000777d0000 - 0x00000000777d7000 	C:\Windows\system32\PSAPI.DLL
0x000007fefde40000 - 0x000007fefde8d000 	C:\Windows\system32\WS2_32.dll
0x000007feff630000 - 0x000007feff638000 	C:\Windows\system32\NSI.dll
0x0000000004720000 - 0x0000000004766000 	C:\Program Files\MATLAB\R2012b\bin\win64\tbb.dll
0x000007fefee70000 - 0x000007fefee89000 	C:\Windows\system32\imagehlp.dll
0x000000006c530000 - 0x000000006c543000 	C:\Program Files\MATLAB\R2012b\bin\win64\icuio44.dll
0x000007fef98e0000 - 0x000007fef9a05000 	C:\Windows\system32\dbghelp.dll
0x0000000077500000 - 0x00000000775fa000 	C:\Windows\system32\USER32.dll
0x000007fefecd0000 - 0x000007fefed37000 	C:\Windows\system32\GDI32.dll
0x000007fefde90000 - 0x000007fefde9e000 	C:\Windows\system32\LPK.dll
0x000007feff480000 - 0x000007feff54a000 	C:\Windows\system32\USP10.dll
0x0000000004790000 - 0x0000000004a6c000 	C:\Program Files\MATLAB\R2012b\bin\win64\libmwservices.dll
0x0000000075a20000 - 0x0000000075af3000 	C:\Program Files\MATLAB\R2012b\bin\win64\libmx.dll
0x0000000004a90000 - 0x0000000004ab9000 	C:\Program Files\MATLAB\R2012b\bin\win64\tbbmalloc.dll
0x000000007a210000 - 0x000000007a228000 	C:\Program Files\MATLAB\R2012b\bin\win64\zlib1.dll
0x0000000004ae0000 - 0x0000000004b2d000 	C:\Program Files\MATLAB\R2012b\bin\win64\libmwregexp.dll
0x0000000004b40000 - 0x0000000004b63000 	C:\Program Files\MATLAB\R2012b\bin\win64\libmwmfl_scalar.dll
0x0000000075f10000 - 0x0000000075f60000 	C:\Program Files\MATLAB\R2012b\bin\win64\mpath.dll
0x000000007b680000 - 0x000000007bc9a000 	C:\Program Files\MATLAB\R2012b\bin\win64\mlutil.dll
0x00000000754d0000 - 0x0000000075551000 	C:\Program Files\MATLAB\R2012b\bin\win64\xmlcore.dll
0x0000000004bb0000 - 0x0000000004e03000 	C:\Program Files\MATLAB\R2012b\bin\win64\xerces-c_2_7.dll
0x0000000004e20000 - 0x0000000004e40000 	C:\Program Files\MATLAB\R2012b\bin\win64\libmwMATLAB_settings_res.dll
0x0000000004e50000 - 0x0000000004e60000 	C:\Program Files\MATLAB\R2012b\bin\win64\boost_iostreams-vc90-mt-1_44.dll
0x0000000004e70000 - 0x0000000004eb7000 	C:\Program Files\MATLAB\R2012b\bin\win64\boost_serialization-vc90-mt-1_44.dll
0x000007fefdf40000 - 0x000007fefecc7000 	C:\Windows\system32\SHELL32.dll
0x000007feff640000 - 0x000007feff6b1000 	C:\Windows\system32\SHLWAPI.dll
0x000007fef15c0000 - 0x000007fef1660000 	C:\Windows\WinSxS\amd64_microsoft.windows.common-controls_6595b64144ccf1df_5.82.7600.16661_none_a44e1fc257f685f6\COMCTL32.dll
0x000007fefee90000 - 0x000007fefef28000 	C:\Windows\system32\COMDLG32.dll
0x000007fefb130000 - 0x000007fefb146000 	C:\Windows\system32\NETAPI32.dll
0x000007fefb120000 - 0x000007fefb12c000 	C:\Windows\system32\netutils.dll
0x000007fefd5e0000 - 0x000007fefd603000 	C:\Windows\system32\srvcli.dll
0x000007fefb100000 - 0x000007fefb115000 	C:\Windows\system32\wkscli.dll
0x000007feff270000 - 0x000007feff472000 	C:\Windows\system32\ole32.dll
0x000007feff190000 - 0x000007feff267000 	C:\Windows\system32\OLEAUT32.dll
0x0000000074970000 - 0x0000000074a31000 	C:\Program Files\MATLAB\R2012b\bin\win64\mcr.dll
0x0000000075000000 - 0x00000000753e9000 	C:\Program Files\MATLAB\R2012b\bin\win64\iqm.dll
0x0000000074e80000 - 0x0000000074f38000 	C:\Program Files\MATLAB\R2012b\bin\win64\m_dispatcher.dll
0x0000000074880000 - 0x000000007496d000 	C:\Program Files\MATLAB\R2012b\bin\win64\boost_regex-vc90-mt-1_44.dll
0x000007feed240000 - 0x000007feedab1000 	C:\Program Files\MATLAB\R2012b\bin\win64\m_interpreter.dll
0x000000006c500000 - 0x000000006c527000 	C:\Program Files\MATLAB\R2012b\bin\win64\libmex.dll
0x000000006c470000 - 0x000000006c4f4000 	C:\Program Files\MATLAB\R2012b\bin\win64\profiler.dll
0x0000000004f40000 - 0x00000000051aa000 	C:\Program Files\MATLAB\R2012b\bin\win64\libmwmathutil.dll
0x0000000079f40000 - 0x0000000079f6e000 	C:\Program Files\MATLAB\R2012b\bin\win64\libmwmathrng.dll
0x00000000051d0000 - 0x00000000051e2000 	C:\Program Files\MATLAB\R2012b\bin\win64\libmwmfl_rng.dll
0x0000000074c10000 - 0x0000000074cee000 	C:\Program Files\MATLAB\R2012b\bin\win64\libmwmathcore.dll
0x0000000076160000 - 0x00000000761ca000 	C:\Program Files\MATLAB\R2012b\bin\win64\libmwspmatrix.dll
0x0000000075ea0000 - 0x0000000075f02000 	C:\Program Files\MATLAB\R2012b\bin\win64\libmwcholmod.dll
0x000000007a460000 - 0x000000007a46d000 	C:\Program Files\MATLAB\R2012b\bin\win64\libmwamd.dll
0x000000007a4b0000 - 0x000000007a4bc000 	C:\Program Files\MATLAB\R2012b\bin\win64\libmwcolamd.dll
0x000000007a290000 - 0x000000007a2a9000 	C:\Program Files\MATLAB\R2012b\bin\win64\libmwblas.dll
0x000000007a310000 - 0x000000007a321000 	C:\Program Files\MATLAB\R2012b\bin\win64\libmwbinder.dll
0x000000007a4d0000 - 0x000000007a4dc000 	C:\Program Files\MATLAB\R2012b\bin\win64\libmwompwrapper.dll
0x0000000005280000 - 0x0000000005305000 	C:\Program Files\MATLAB\R2012b\bin\win64\libmwlapack.dll
0x000000006c440000 - 0x000000006c461000 	C:\Program Files\MATLAB\R2012b\bin\win64\m_pcodeio.dll
0x0000000079b10000 - 0x0000000079b77000 	C:\Program Files\MATLAB\R2012b\bin\win64\m_ir.dll
0x0000000068520000 - 0x0000000068b90000 	C:\Program Files\MATLAB\R2012b\bin\win64\m_parser.dll
0x0000000071550000 - 0x000000007156a000 	C:\Program Files\MATLAB\R2012b\bin\win64\ir_xfmr.dll
0x000007fef05a0000 - 0x000007fef0836000 	C:\Program Files\MATLAB\R2012b\bin\win64\mcos.dll
0x000000006c420000 - 0x000000006c431000 	C:\Program Files\MATLAB\R2012b\bin\win64\mtok.dll
0x000000006c3e0000 - 0x000000006c411000 	C:\Program Files\MATLAB\R2012b\bin\win64\m_pcodegen.dll
0x0000000079fb0000 - 0x0000000079fe6000 	C:\Program Files\MATLAB\R2012b\bin\win64\libmwbridge.dll
0x000000006bd60000 - 0x000000006be28000 	C:\Program Files\MATLAB\R2012b\bin\win64\udd.dll
0x000000006b960000 - 0x000000006bab2000 	C:\Program Files\MATLAB\R2012b\bin\win64\libmwgui.dll
0x000000006c3c0000 - 0x000000006c3d7000 	C:\Program Files\MATLAB\R2012b\bin\win64\graphics_util.dll
0x00000000655a0000 - 0x0000000065fff000 	C:\Program Files\MATLAB\R2012b\bin\win64\hg.dll
0x00000000053e0000 - 0x0000000005448000 	C:\Program Files\MATLAB\R2012b\bin\win64\libmat.dll
0x0000000072d30000 - 0x0000000072f44000 	C:\Program Files\MATLAB\R2012b\bin\win64\hdf5dll.dll
0x0000000075710000 - 0x00000000757de000 	C:\Program Files\MATLAB\R2012b\bin\win64\jmi.dll
0x0000000005480000 - 0x000000000548d000 	C:\Program Files\MATLAB\R2012b\bin\win64\nativejava_services.dll
0x000000006c370000 - 0x000000006c3b6000 	C:\Program Files\MATLAB\R2012b\bin\win64\libmwhardcopy.dll
0x000000006bb20000 - 0x000000006bb83000 	C:\Program Files\MATLAB\R2012b\bin\win64\libuij.dll
0x000000006a5b0000 - 0x000000006a814000 	C:\Program Files\MATLAB\R2012b\bin\win64\hgdatatypes.dll
0x000000006b730000 - 0x000000006b84f000 	C:\Program Files\MATLAB\R2012b\bin\win64\hgutils.dll
0x000000006aca0000 - 0x000000006ad60000 	C:\Program Files\MATLAB\R2012b\bin\win64\udd_mi.dll
0x00000000054f0000 - 0x000000000552b000 	C:\Program Files\MATLAB\R2012b\bin\win64\libmwgbtutils.dll
0x0000000005540000 - 0x000000000555b000 	C:\Program Files\MATLAB\R2012b\bin\win64\libmwgbt.dll
0x0000000005570000 - 0x0000000005841000 	C:\Program Files\MATLAB\R2012b\bin\win64\uiw.dll
0x0000000070060000 - 0x000000007006f000 	C:\Program Files\MATLAB\R2012b\bin\win64\uinone.dll
0x0000000005870000 - 0x0000000005899000 	C:\Program Files\MATLAB\R2012b\bin\win64\libmwnativefiledialogs.dll
0x00000000058b0000 - 0x00000000058b8000 	C:\Program Files\MATLAB\R2012b\bin\win64\libmwplatform_res.dll
0x000007fef9f40000 - 0x000007fef9f58000 	C:\Windows\system32\MPR.dll
0x0000000062f30000 - 0x0000000063414000 	C:\Windows\WinSxS\amd64_microsoft.vc90.mfc_1fc8b3b9a1e18e3b_9.0.30729.6161_none_044aad0bab1eb146\mfc90.dll
0x000007fefb630000 - 0x000007fefb637000 	C:\Windows\system32\MSIMG32.dll
0x000007fefa400000 - 0x000007fefa470000 	C:\Windows\system32\WINSPOOL.DRV
0x000000006c240000 - 0x000000006c262000 	C:\Program Files\MATLAB\R2012b\bin\win64\mwoles05.DLL
0x000000006b870000 - 0x000000006b8ed000 	C:\Program Files\MATLAB\R2012b\bin\win64\comcli.dll
0x000000006c210000 - 0x000000006c23f000 	C:\Windows\WinSxS\amd64_microsoft.vc90.atl_1fc8b3b9a1e18e3b_9.0.30729.6161_none_0a1fd3a3a768b895\ATL90.DLL
0x00000000058f0000 - 0x00000000058fc000 	C:\Program Files\MATLAB\R2012b\bin\win64\mlautoregister.dll
0x000007feff160000 - 0x000007feff18e000 	C:\Windows\system32\IMM32.DLL
0x000007fefef30000 - 0x000007feff039000 	C:\Windows\system32\MSCTF.dll
0x000007fefc1f0000 - 0x000007fefc246000 	C:\Windows\system32\UxTheme.dll
0x000007fefb990000 - 0x000007fefb9a8000 	C:\Windows\system32\dwmapi.dll
0x000000006c360000 - 0x000000006c36d000 	C:\Windows\WinSxS\amd64_microsoft.vc90.mfcloc_1fc8b3b9a1e18e3b_9.0.30729.6161_none_01c9581e60cbee58\MFC90ENU.DLL
0x000007fefda70000 - 0x000007fefda7f000 	C:\Windows\system32\profapi.dll
0x0000000005bf0000 - 0x0000000005bff000 	C:\Program Files\MATLAB\R2012b\bin\win64\xmlxrcsc.dll
0x000007fefd9a0000 - 0x000007fefd9af000 	C:\Windows\system32\CRYPTBASE.dll
0x000007fefc3d0000 - 0x000007fefc5c4000 	C:\Windows\WinSxS\amd64_microsoft.windows.common-controls_6595b64144ccf1df_6.0.7600.16661_none_fa62ad231704eab7\comctl32.dll
0x000007feff730000 - 0x000007feff907000 	C:\Windows\system32\SETUPAPI.dll
0x000007fefdbf0000 - 0x000007fefdc26000 	C:\Windows\system32\CFGMGR32.dll
0x000007fefdbd0000 - 0x000007fefdbea000 	C:\Windows\system32\DEVOBJ.dll
0x000007fefdea0000 - 0x000007fefdf39000 	C:\Windows\system32\CLBCatQ.DLL
0x000007fefc2a0000 - 0x000007fefc3cc000 	C:\Windows\system32\propsys.dll
0x000007fefc1c0000 - 0x000007fefc1ed000 	C:\Windows\system32\ntmarta.dll

VM Arguments:
jvm_args: -Xss512k -XX:PermSize=32m -Xms64m -XX:NewRatio=3 -XX:MaxPermSize=128m -Xmx196m -XX:MaxDirectMemorySize=2147400000 -Dsun.java2d.noddraw=true -Dsun.awt.nopixfmt=true -Xshare:off -Xrs -Dsun.awt.disableMixing=true -Djava.library.path=C:\Program Files\MATLAB\R2012b\bin\win64;C:\Program Files\MATLAB\R2012b\sys\jxbrowser\win64\lib vfprintf abort 
java_command: <unknown>
Launcher Type: generic

Environment Variables:
PATH=C:\Program Files\MATLAB\R2012b\bin\win64;C:\Windows\system32;C:\Windows;C:\Windows\System32\Wbem;C:\Windows\System32\WindowsPowerShell\v1.0\;C:\Program Files\MATLAB\R2012b\runtime\win64;C:\Program Files\MATLAB\R2012b\bin;c:\Program Files (x86)\Microsoft SQL Server\100\Tools\Binn\;c:\Program Files\Microsoft SQL Server\100\Tools\Binn\;c:\Program Files\Microsoft SQL Server\100\DTS\Binn\;C:\Program Files\Java\jdk1.6.0_24\bin;C:\Program Files\Java\jre7\bin
USERNAME=Samiul
OS=Windows_NT
PROCESSOR_IDENTIFIER=Intel64 Family 6 Model 37 Stepping 5, GenuineIntel



---------------  S Y S T E M  ---------------

OS: Windows 7 Build 7600 

CPU:total 4 (8 cores per cpu, 2 threads per core) family 6 model 37 stepping 5, cmov, cx8, fxsr, mmx, sse, sse2, sse3, ssse3, sse4.1, sse4.2, ht

Memory: 4k page, physical 4051480k(1642112k free), swap 8101052k(4466624k free)

vm_info: Java HotSpot(TM) 64-Bit Server VM (14.3-b01) for windows-amd64 JRE (1.6.0_17-b04), built on Oct 11 2009 00:46:08 by "java_re" with MS VC++ 8.0

time: Sun Mar 10 14:25:34 2013
elapsed time: 1445 seconds

